[35m[1mScanning dependencies of target vision_to_mavros_node[0m
[35m[1mScanning dependencies of target t265_fisheye_undistort_node[0m
[ 25%] [32mBuilding CXX object CMakeFiles/vision_to_mavros_node.dir/src/vision_to_mavros.cpp.o[0m
[ 50%] [32mBuilding CXX object CMakeFiles/t265_fisheye_undistort_node.dir/src/t265_fisheye_undistort.cpp.o[0m
[01m[K/home/jetson/catkin_ws/src/vision_to_mavros/src/t265_fisheye_undistort.cpp:[m[K In function â€˜[01m[Kvoid init_rectification_map(std::__cxx11::string)[m[Kâ€™:
[01m[K/home/jetson/catkin_ws/src/vision_to_mavros/src/t265_fisheye_undistort.cpp:61:17:[m[K [01;31m[Kerror: [m[Kâ€˜[01m[KCV_CALIB_ZERO_DISPARITY[m[Kâ€™ was not declared in this scope
                 [01;31m[KCV_CALIB_ZERO_DISPARITY[m[K,
                 [01;31m[K^~~~~~~~~~~~~~~~~~~~~~~[m[K
[ 75%] [32m[1mLinking CXX executable /home/jetson/catkin_ws/devel/.private/vision_to_mavros/lib/vision_to_mavros/vision_to_mavros_node[0m
[ 75%] Built target vision_to_mavros_node
CMakeFiles/t265_fisheye_undistort_node.dir/build.make:62: recipe for target 'CMakeFiles/t265_fisheye_undistort_node.dir/src/t265_fisheye_undistort.cpp.o' failed
make[2]: *** [CMakeFiles/t265_fisheye_undistort_node.dir/src/t265_fisheye_undistort.cpp.o] Error 1
CMakeFiles/Makefile2:1032: recipe for target 'CMakeFiles/t265_fisheye_undistort_node.dir/all' failed
make[1]: *** [CMakeFiles/t265_fisheye_undistort_node.dir/all] Error 2
Makefile:140: recipe for target 'all' failed
make: *** [all] Error 2
